<?xml version="1.0" encoding="UTF-8"?>
<!-- Generated by org.testng.reporters.JUnitXMLReporter -->
<testsuite ignored="0" hostname="LTIN487518" failures="0" tests="8" name="Default test" time="0.08" errors="0" timestamp="2024-01-30T09:09:49 IST">
  <testcase classname="empdetails.com.NewTest" name="@BeforeClass setup" time="-1.706585989251E9">
    <failure type="org.testng.TestNGException" message="
Parameter &amp;apos;browser&amp;apos; is required by BeforeClass on method setup but has not been marked @Optional or defined
in C:\Users\2303877\AppData\Local\Temp\2\testng-eclipse-642743517\testng-customsuite.xml">
      <![CDATA[org.testng.TestNGException: 
Parameter 'browser' is required by BeforeClass on method setup but has not been marked @Optional or defined
in C:\Users\2303877\AppData\Local\Temp\2\testng-eclipse-642743517\testng-customsuite.xml
at org.testng.internal.Parameters.createParams(Parameters.java:270)
at org.testng.internal.Parameters.createParametersForMethod(Parameters.java:358)
at org.testng.internal.Parameters.createParameters(Parameters.java:700)
at org.testng.internal.Parameters.createConfigurationParameters(Parameters.java:168)
at org.testng.internal.ConfigInvoker.invokeConfigurations(ConfigInvoker.java:302)
at org.testng.internal.TestMethodWorker.invokeBeforeClassMethods(TestMethodWorker.java:176)
at org.testng.internal.TestMethodWorker.run(TestMethodWorker.java:122)
at java.base/java.util.ArrayList.forEach(ArrayList.java:1511)
at org.testng.TestRunner.privateRun(TestRunner.java:794)
at org.testng.TestRunner.run(TestRunner.java:596)
at org.testng.SuiteRunner.runTest(SuiteRunner.java:377)
at org.testng.SuiteRunner.runSequentially(SuiteRunner.java:371)
at org.testng.SuiteRunner.privateRun(SuiteRunner.java:332)
at org.testng.SuiteRunner.run(SuiteRunner.java:276)
at org.testng.SuiteRunnerWorker.runSuite(SuiteRunnerWorker.java:53)
at org.testng.SuiteRunnerWorker.run(SuiteRunnerWorker.java:96)
at org.testng.TestNG.runSuitesSequentially(TestNG.java:1212)
at org.testng.TestNG.runSuitesLocally(TestNG.java:1134)
at org.testng.TestNG.runSuites(TestNG.java:1063)
at org.testng.TestNG.run(TestNG.java:1031)
at org.testng.remote.AbstractRemoteTestNG.run(AbstractRemoteTestNG.java:115)
at org.testng.remote.RemoteTestNG.initAndRun(RemoteTestNG.java:251)
at org.testng.remote.RemoteTestNG.main(RemoteTestNG.java:77)
]]>
    </failure>
  </testcase> <!-- @BeforeClass setup -->
  <testcase classname="empdetails.com.NewTest" name="read" time="0.0">
    <skipped/>
  </testcase> <!-- read -->
  <testcase classname="empdetails.com.NewTest" name="login" time="0.0">
    <skipped/>
  </testcase> <!-- login -->
  <testcase classname="empdetails.com.NewTest" name="tab" time="0.0">
    <skipped/>
  </testcase> <!-- tab -->
  <testcase classname="empdetails.com.NewTest" name="fill" time="0.0">
    <skipped/>
  </testcase> <!-- fill -->
  <testcase classname="empdetails.com.NewTest" name="save" time="0.0">
    <skipped/>
  </testcase> <!-- save -->
  <testcase classname="empdetails.com.NewTest" name="tabswitch" time="0.0">
    <skipped/>
  </testcase> <!-- tabswitch -->
  <testcase classname="empdetails.com.NewTest" name="editdetails" time="0.0">
    <skipped/>
  </testcase> <!-- editdetails -->
  <testcase classname="empdetails.com.NewTest" name="logout" time="0.0">
    <skipped/>
  </testcase> <!-- logout -->
</testsuite> <!-- Default test -->
